<?xml version="1.0" encoding="UTF-8"?>
<!-- Generated by org.testng.reporters.JUnitXMLReporter -->
<testsuite ignored="0" hostname="DESKTOP-JCNBK9Q" failures="0" tests="11" name="ChromeTest" time="54.28" errors="0" timestamp="2025-09-02T15:32:50 IST">
  <testcase classname="testscript.ManageNewsUpdateTest" name="validateSaveBtnClickManageNews" time="4.287"/>
  <testcase classname="testscript.ManageContactTest" name="validateUpdateBtnInManageContact" time="1.753"/>
  <testcase classname="testscript.ManageContactTest" name="verifyUserisAbleToClickManageContact" time="3.21"/>
  <testcase classname="testscript.ManageNewsTest" name="verifyUserisAbleToClickManageNews" time="2.181"/>
  <testcase classname="testscript.LogOutTest" name="verifyUserisAbleToLout" time="1.262"/>
  <testcase classname="testscript.ManageFooterTest" name="validateUpdatebtn" time="1.582"/>
  <testcase classname="testscript.ManageFooterTest" name="verifyUserIsAbletoClickManageFooter" time="2.785"/>
  <testcase classname="testscript.LoginTest" name="verifyUserIsAbleToLoginUsingInvalidCredentials" time="0.715"/>
  <testcase classname="testscript.LoginTest" name="verifyUserIsAbleToLoginUsingValidCredentials" time="0.792"/>
  <testcase classname="testscript.LoginTest" name="verifyUserIsAbletoLoginUsingInvalidPassword" time="0.713"/>
  <testcase classname="testscript.LoginTest" name="verifyUserisAbleToLoginWithInvalidUsername" time="0.814"/>
</testsuite> <!-- ChromeTest -->
