<?xml version="1.0" encoding="UTF-8"?>
<!-- Generated by org.testng.reporters.JUnitXMLReporter -->
<testsuite ignored="0" hostname="DESKTOP-JCNBK9Q" failures="0" tests="11" name="chromeTest" time="45.412" errors="0" timestamp="2025-09-02T10:33:58 IST">
  <testcase classname="testscript.ManageNewsUpdateTest" name="validateSaveBtnClickManageNews" time="3.124"/>
  <testcase classname="testscript.ManageContactTest" name="validateUpdateBtnInManageContact" time="1.248"/>
  <testcase classname="testscript.ManageContactTest" name="verifyUserisAbleToClickManageContact" time="2.15"/>
  <testcase classname="testscript.LogOutTest" name="verifyUserisAbleToLout" time="1.266"/>
  <testcase classname="testscript.ManageFooterTest" name="validateUpdatebtn" time="1.303"/>
  <testcase classname="testscript.ManageFooterTest" name="verifyUserIsAbletoClickManageFooter" time="1.901"/>
  <testcase classname="testscript.LoginTest" name="verifyUserIsAbleToLoginUsingInvalidCredentials" time="0.518"/>
  <testcase classname="testscript.LoginTest" name="verifyUserIsAbleToLoginUsingValidCredentials" time="0.755"/>
  <testcase classname="testscript.LoginTest" name="verifyUserIsAbletoLoginUsingInvalidPassword" time="0.56"/>
  <testcase classname="testscript.LoginTest" name="verifyUserisAbleToLoginWithInvalidUsername" time="0.464"/>
  <testcase classname="testscript.ManageNewsTest" name="verifyUserisAbleToClickManageNews" time="1.561"/>
</testsuite> <!-- chromeTest -->
